<?xml version="1.0" encoding="UTF-8"?>
<!-- Generated by org.testng.reporters.JUnitXMLReporter -->
<testsuite ignored="0" hostname="DESKTOP-IGO3PD3" failures="0" tests="4" name="Test" time="0.057" errors="0" timestamp="2024-12-12T01:05:31 IST">
  <testcase classname="Idhris.RESTAPITest" name="deletetwitter" time="0.016"/>
  <testcase classname="Idhris.RESTAPITest" name="postJira" time="0.0"/>
  <testcase classname="Idhris.SeleniumTest" name="BrowserAutomation" time="0.009"/>
  <testcase classname="Idhris.SeleniumTest" name="elementsui" time="0.0"/>
</testsuite> <!-- Test -->
