<?xml version="1.0" encoding="UTF-8"?>
<testsuite xmlns:xsi="http://www.w3.org/2001/XMLSchema-instance" xsi:noNamespaceSchemaLocation="https://maven.apache.org/surefire/maven-surefire-plugin/xsd/surefire-test-report.xsd" version="3.0.2" name="TestSuite" time="0.507" tests="4" errors="0" skipped="0" failures="0">
  <properties>
[...]
</properties>
  <testcase name="deletetwitter" classname="Idhris.RESTAPITest" time="0.016">
    <system-out><![CDATA[deletetwitter
]]></system-out>
    <system-err><![CDATA[SLF4J: Failed to load class "org.slf4j.impl.StaticLoggerBinder".
SLF4J: Defaulting to no-operation (NOP) logger implementation
SLF4J: See http://www.slf4j.org/codes.html#StaticLoggerBinder for further details.
]]></system-err>
  </testcase>
  <testcase name="postJira" classname="Idhris.RESTAPITest" time="0.033">
    <system-out><![CDATA[postJira
]]></system-out>
  </testcase>
  <testcase name="BrowserAutomation" classname="Idhris.SeleniumTest" time="0.0">
    <system-out><![CDATA[BrowserAutomation
]]></system-out>
  </testcase>
  <testcase name="elementsui" classname="Idhris.SeleniumTest" time="0.0">
    <system-out><![CDATA[elementsui
]]></system-out>
  </testcase>
</testsuite>