<?xml version="1.0" encoding="UTF-8"?>
<testng-results ignored="0" total="4" passed="4" failed="0" skipped="0">
  <reporter-output>
  </reporter-output>
  <suite started-at="2024-12-12T01:05:31 IST" name="Suite" finished-at="2024-12-12T01:05:31 IST" duration-ms="57">
    <groups>
    </groups>
    <test started-at="2024-12-12T01:05:31 IST" name="Test" finished-at="2024-12-12T01:05:31 IST" duration-ms="57">
      <class name="Idhris.RESTAPITest">
        <test-method signature="deletetwitter()[pri:0, instance:Idhris.RESTAPITest@7ec7ffd3]" started-at="2024-12-12T01:05:31 IST" name="deletetwitter" finished-at="2024-12-12T01:05:31 IST" duration-ms="16" status="PASS">
          <reporter-output>
          </reporter-output>
        </test-method> <!-- deletetwitter -->
        <test-method signature="postJira()[pri:0, instance:Idhris.RESTAPITest@7ec7ffd3]" started-at="2024-12-12T01:05:31 IST" name="postJira" finished-at="2024-12-12T01:05:31 IST" duration-ms="0" status="PASS">
          <reporter-output>
          </reporter-output>
        </test-method> <!-- postJira -->
      </class> <!-- Idhris.RESTAPITest -->
      <class name="Idhris.SeleniumTest">
        <test-method signature="BrowserAutomation()[pri:0, instance:Idhris.SeleniumTest@515aebb0]" started-at="2024-12-12T01:05:31 IST" name="BrowserAutomation" finished-at="2024-12-12T01:05:31 IST" duration-ms="9" status="PASS">
          <reporter-output>
          </reporter-output>
        </test-method> <!-- BrowserAutomation -->
        <test-method signature="elementsui()[pri:0, instance:Idhris.SeleniumTest@515aebb0]" started-at="2024-12-12T01:05:31 IST" name="elementsui" finished-at="2024-12-12T01:05:31 IST" duration-ms="0" status="PASS">
          <reporter-output>
          </reporter-output>
        </test-method> <!-- elementsui -->
      </class> <!-- Idhris.SeleniumTest -->
    </test> <!-- Test -->
  </suite> <!-- Suite -->
</testng-results>
